app/build/intermediates/manifest_merge_blame_file/debug/manifest-merger-blame-debug-report.txt
1<?xml version="1.0" encoding="utf-8"?>
2<manifest xmlns:android="http://schemas.android.com/apk/res/android"
3    package="com.vipapp.istanbul"
4    android:versionCode="6"
5    android:versionName="1.0.2.6" >
6
7    <uses-sdk
8        android:minSdkVersion="21"
8-->src\main\AndroidManifest.xml
9        android:targetSdkVersion="30" />
9-->src\main\AndroidManifest.xml
10    <!-- PERMISSIONS -->
11    <uses-permission android:name="android.permission.INTERNET" />
11-->src\main\AndroidManifest.xml:6:5-67
11-->src\main\AndroidManifest.xml:6:22-64
12    <uses-permission android:name="android.permission.ACCESS_NETWORK_STATE" />
12-->src\main\AndroidManifest.xml:7:5-79
12-->src\main\AndroidManifest.xml:7:22-76
13    <uses-permission android:name="android.permission.ACCESS_WIFI_STATE" />
13-->src\main\AndroidManifest.xml:8:5-76
13-->src\main\AndroidManifest.xml:8:22-73
14    <uses-permission android:name="android.permission.READ_CONTACTS" />
14-->src\main\AndroidManifest.xml:9:5-72
14-->src\main\AndroidManifest.xml:9:22-69
15    <uses-permission android:name="android.permission.READ_EXTERNAL_STORAGE" />
15-->src\main\AndroidManifest.xml:10:5-80
15-->src\main\AndroidManifest.xml:10:22-77
16    <uses-permission
16-->src\main\AndroidManifest.xml:11:5-13:38
17        android:name="android.permission.WRITE_EXTERNAL_STORAGE"
17-->src\main\AndroidManifest.xml:12:9-65
18        android:maxSdkVersion="28" />
18-->src\main\AndroidManifest.xml:13:9-35
19    <uses-permission android:name="android.permission.CAMERA" />
19-->src\main\AndroidManifest.xml:14:5-65
19-->src\main\AndroidManifest.xml:14:22-62
20    <uses-permission android:name="android.permission.RECORD_AUDIO" />
20-->src\main\AndroidManifest.xml:15:5-71
20-->src\main\AndroidManifest.xml:15:22-68
21    <uses-permission android:name="android.permission.MODIFY_AUDIO_SETTINGS" />
21-->src\main\AndroidManifest.xml:16:5-80
21-->src\main\AndroidManifest.xml:16:22-77
22    <uses-permission android:name="android.permission.WAKE_LOCK" />
22-->src\main\AndroidManifest.xml:17:5-68
22-->src\main\AndroidManifest.xml:17:22-65
23    <uses-permission android:name="android.permission.ACCESS_COARSE_LOCATION" />
23-->src\main\AndroidManifest.xml:18:5-81
23-->src\main\AndroidManifest.xml:18:22-78
24    <uses-permission android:name="android.permission.ACCESS_FINE_LOCATION" />
24-->src\main\AndroidManifest.xml:19:5-79
24-->src\main\AndroidManifest.xml:19:22-76
25    <uses-permission android:name="android.permission.RECEIVE_BOOT_COMPLETED" />
25-->src\main\AndroidManifest.xml:20:5-81
25-->src\main\AndroidManifest.xml:20:22-78
26    <uses-permission android:name="android.permission.READ_PHONE_STATE" />
26-->src\main\AndroidManifest.xml:21:5-75
26-->src\main\AndroidManifest.xml:21:22-72
27    <uses-permission android:name="com.google.android.c2dm.permission.RECEIVE" />
27-->src\main\AndroidManifest.xml:22:5-82
27-->src\main\AndroidManifest.xml:22:22-79
28    <uses-permission android:name="android.permission.FOREGROUND_SERVICE" />
28-->src\main\AndroidManifest.xml:23:5-77
28-->src\main\AndroidManifest.xml:23:22-74
29    <uses-permission android:name="android.permission.USE_FULL_SCREEN_INTENT" />
29-->src\main\AndroidManifest.xml:24:5-81
29-->src\main\AndroidManifest.xml:24:22-78
30    <uses-permission android:name="android.permission.REQUEST_IGNORE_BATTERY_OPTIMIZATIONS" />
30-->src\main\AndroidManifest.xml:25:5-95
30-->src\main\AndroidManifest.xml:25:22-92
31
32    <uses-feature
32-->src\main\AndroidManifest.xml:28:5-30:36
33        android:name="android.hardware.location.network"
33-->src\main\AndroidManifest.xml:29:9-57
34        android:required="false" />
34-->src\main\AndroidManifest.xml:30:9-33
35    <uses-feature
35-->src\main\AndroidManifest.xml:31:5-33:36
36        android:name="android.hardware.location.gps"
36-->src\main\AndroidManifest.xml:32:9-53
37        android:required="false" />
37-->src\main\AndroidManifest.xml:33:9-33
38
39    <queries>
39-->[com.github.CanHub:Android-Image-Cropper:2.1.1] AndroidManifest.xml:11:5-22:15
40        <intent>
40-->[com.github.CanHub:Android-Image-Cropper:2.1.1] AndroidManifest.xml:12:9-18:18
41            <action android:name="android.intent.action.GET_CONTENT" />
41-->[com.github.CanHub:Android-Image-Cropper:2.1.1] AndroidManifest.xml:13:13-72
41-->[com.github.CanHub:Android-Image-Cropper:2.1.1] AndroidManifest.xml:13:21-69
42
43            <category android:name="android.intent.category.OPENABLE" />
43-->[com.github.CanHub:Android-Image-Cropper:2.1.1] AndroidManifest.xml:15:13-73
43-->[com.github.CanHub:Android-Image-Cropper:2.1.1] AndroidManifest.xml:15:23-70
44
45            <data android:mimeType="*/*" />
45-->src\main\AndroidManifest.xml:158:17-55
45-->src\main\AndroidManifest.xml:158:23-52
46        </intent>
47        <intent>
47-->[com.github.CanHub:Android-Image-Cropper:2.1.1] AndroidManifest.xml:19:9-21:18
48            <action android:name="android.media.action.IMAGE_CAPTURE" />
48-->[com.github.CanHub:Android-Image-Cropper:2.1.1] AndroidManifest.xml:20:13-73
48-->[com.github.CanHub:Android-Image-Cropper:2.1.1] AndroidManifest.xml:20:21-70
49        </intent>
50        <!-- Needs to be explicitly declared on Android R+ -->
51        <package android:name="com.google.android.apps.maps" /> <!-- For browser content -->
51-->[com.google.android.gms:play-services-maps:18.0.0] AndroidManifest.xml:33:9-64
51-->[com.google.android.gms:play-services-maps:18.0.0] AndroidManifest.xml:33:18-61
52        <intent>
52-->[com.google.android.gms:play-services-ads-lite:20.4.0] AndroidManifest.xml:31:9-37:18
53            <action android:name="android.intent.action.VIEW" />
53-->src\main\AndroidManifest.xml:268:17-69
53-->src\main\AndroidManifest.xml:268:25-66
54
55            <category android:name="android.intent.category.BROWSABLE" />
55-->src\main\AndroidManifest.xml:271:17-78
55-->src\main\AndroidManifest.xml:271:27-75
56
57            <data android:scheme="https" />
57-->src\main\AndroidManifest.xml:158:17-55
57-->src\main\AndroidManifest.xml:276:21-42
58        </intent> <!-- End of browser content -->
59        <!-- For CustomTabsService -->
60        <intent>
60-->[com.google.android.gms:play-services-ads-lite:20.4.0] AndroidManifest.xml:40:9-42:18
61            <action android:name="android.support.customtabs.action.CustomTabsService" />
61-->[com.google.android.gms:play-services-ads-lite:20.4.0] AndroidManifest.xml:41:13-90
61-->[com.google.android.gms:play-services-ads-lite:20.4.0] AndroidManifest.xml:41:21-87
62        </intent>
63    </queries>
64
65    <uses-permission android:name="android.permission.USE_BIOMETRIC" /> <!-- suppress DeprecatedClassUsageInspection -->
65-->[androidx.biometric:biometric:1.1.0] AndroidManifest.xml:24:5-72
65-->[androidx.biometric:biometric:1.1.0] AndroidManifest.xml:24:22-69
66    <uses-permission android:name="android.permission.USE_FINGERPRINT" />
66-->[androidx.biometric:biometric:1.1.0] AndroidManifest.xml:27:5-74
66-->[androidx.biometric:biometric:1.1.0] AndroidManifest.xml:27:22-71
67
68    <uses-feature
68-->[com.google.android.gms:play-services-maps:18.0.0] AndroidManifest.xml:26:5-28:35
69        android:glEsVersion="0x00020000"
69-->[com.google.android.gms:play-services-maps:18.0.0] AndroidManifest.xml:27:9-41
70        android:required="true" /> <!-- for android -->
70-->[com.google.android.gms:play-services-maps:18.0.0] AndroidManifest.xml:28:9-32
71    <!-- <uses-permission android:name="com.android.launcher.permission.READ_SETTINGS"/> -->
72    <!-- <uses-permission android:name="com.android.launcher.permission.WRITE_SETTINGS"/> -->
73    <!-- <uses-permission android:name="com.android.launcher.permission.INSTALL_SHORTCUT" /> -->
74    <!-- <uses-permission android:name="com.android.launcher.permission.UNINSTALL_SHORTCUT" /> -->
75    <!-- for Samsung -->
76    <uses-permission android:name="com.sec.android.provider.badge.permission.READ" />
76-->[me.leolin:ShortcutBadger:1.1.22] AndroidManifest.xml:19:5-86
76-->[me.leolin:ShortcutBadger:1.1.22] AndroidManifest.xml:19:22-83
77    <uses-permission android:name="com.sec.android.provider.badge.permission.WRITE" /> <!-- for htc -->
77-->[me.leolin:ShortcutBadger:1.1.22] AndroidManifest.xml:20:5-87
77-->[me.leolin:ShortcutBadger:1.1.22] AndroidManifest.xml:20:22-84
78    <uses-permission android:name="com.htc.launcher.permission.READ_SETTINGS" />
78-->[me.leolin:ShortcutBadger:1.1.22] AndroidManifest.xml:23:5-81
78-->[me.leolin:ShortcutBadger:1.1.22] AndroidManifest.xml:23:22-78
79    <uses-permission android:name="com.htc.launcher.permission.UPDATE_SHORTCUT" /> <!-- for sony -->
79-->[me.leolin:ShortcutBadger:1.1.22] AndroidManifest.xml:24:5-83
79-->[me.leolin:ShortcutBadger:1.1.22] AndroidManifest.xml:24:22-80
80    <uses-permission android:name="com.sonyericsson.home.permission.BROADCAST_BADGE" />
80-->[me.leolin:ShortcutBadger:1.1.22] AndroidManifest.xml:27:5-88
80-->[me.leolin:ShortcutBadger:1.1.22] AndroidManifest.xml:27:22-85
81    <uses-permission android:name="com.sonymobile.home.permission.PROVIDER_INSERT_BADGE" /> <!-- for apex -->
81-->[me.leolin:ShortcutBadger:1.1.22] AndroidManifest.xml:28:5-92
81-->[me.leolin:ShortcutBadger:1.1.22] AndroidManifest.xml:28:22-89
82    <uses-permission android:name="com.anddoes.launcher.permission.UPDATE_COUNT" /> <!-- for solid -->
82-->[me.leolin:ShortcutBadger:1.1.22] AndroidManifest.xml:31:5-84
82-->[me.leolin:ShortcutBadger:1.1.22] AndroidManifest.xml:31:22-81
83    <uses-permission android:name="com.majeur.launcher.permission.UPDATE_BADGE" /> <!-- for huawei -->
83-->[me.leolin:ShortcutBadger:1.1.22] AndroidManifest.xml:34:5-83
83-->[me.leolin:ShortcutBadger:1.1.22] AndroidManifest.xml:34:22-80
84    <uses-permission android:name="com.huawei.android.launcher.permission.CHANGE_BADGE" />
84-->[me.leolin:ShortcutBadger:1.1.22] AndroidManifest.xml:37:5-91
84-->[me.leolin:ShortcutBadger:1.1.22] AndroidManifest.xml:37:22-88
85    <uses-permission android:name="com.huawei.android.launcher.permission.READ_SETTINGS" />
85-->[me.leolin:ShortcutBadger:1.1.22] AndroidManifest.xml:38:5-92
85-->[me.leolin:ShortcutBadger:1.1.22] AndroidManifest.xml:38:22-89
86    <uses-permission android:name="com.huawei.android.launcher.permission.WRITE_SETTINGS" /> <!-- for ZUK -->
86-->[me.leolin:ShortcutBadger:1.1.22] AndroidManifest.xml:39:5-93
86-->[me.leolin:ShortcutBadger:1.1.22] AndroidManifest.xml:39:22-90
87    <uses-permission android:name="android.permission.READ_APP_BADGE" /> <!-- for OPPO -->
87-->[me.leolin:ShortcutBadger:1.1.22] AndroidManifest.xml:42:5-73
87-->[me.leolin:ShortcutBadger:1.1.22] AndroidManifest.xml:42:22-70
88    <uses-permission android:name="com.oppo.launcher.permission.READ_SETTINGS" />
88-->[me.leolin:ShortcutBadger:1.1.22] AndroidManifest.xml:45:5-82
88-->[me.leolin:ShortcutBadger:1.1.22] AndroidManifest.xml:45:22-79
89    <uses-permission android:name="com.oppo.launcher.permission.WRITE_SETTINGS" /> <!-- for EvMe -->
89-->[me.leolin:ShortcutBadger:1.1.22] AndroidManifest.xml:46:5-83
89-->[me.leolin:ShortcutBadger:1.1.22] AndroidManifest.xml:46:22-80
90    <uses-permission android:name="me.everything.badger.permission.BADGE_COUNT_READ" />
90-->[me.leolin:ShortcutBadger:1.1.22] AndroidManifest.xml:49:5-88
90-->[me.leolin:ShortcutBadger:1.1.22] AndroidManifest.xml:49:22-85
91    <uses-permission android:name="me.everything.badger.permission.BADGE_COUNT_WRITE" />
91-->[me.leolin:ShortcutBadger:1.1.22] AndroidManifest.xml:50:5-89
91-->[me.leolin:ShortcutBadger:1.1.22] AndroidManifest.xml:50:22-86
92    <uses-permission android:name="com.google.android.finsky.permission.BIND_GET_INSTALL_REFERRER_SERVICE" />
92-->[com.google.android.gms:play-services-measurement:20.0.0] AndroidManifest.xml:26:5-110
92-->[com.google.android.gms:play-services-measurement:20.0.0] AndroidManifest.xml:26:22-107
93    <uses-permission android:name="com.google.android.gms.permission.AD_ID" />
93-->[com.google.android.gms:play-services-ads-lite:20.4.0] AndroidManifest.xml:25:5-79
93-->[com.google.android.gms:play-services-ads-lite:20.4.0] AndroidManifest.xml:25:22-76
94
95    <application
95-->src\main\AndroidManifest.xml:35:5-351:19
96        android:name="com.devlomi.fireapp.utils.MyApp"
96-->src\main\AndroidManifest.xml:36:9-36
97        android:allowBackup="false"
97-->src\main\AndroidManifest.xml:37:9-36
98        android:appComponentFactory="androidx.core.app.CoreComponentFactory"
98-->[androidx.core:core:1.7.0] AndroidManifest.xml:24:18-86
99        android:debuggable="true"
100        android:icon="@mipmap/ic_launcher"
100-->src\main\AndroidManifest.xml:38:9-43
101        android:label="@string/app_name"
101-->src\main\AndroidManifest.xml:39:9-41
102        android:roundIcon="@mipmap/ic_launcher_round"
102-->src\main\AndroidManifest.xml:40:9-54
103        android:supportsRtl="false"
103-->src\main\AndroidManifest.xml:41:9-36
104        android:theme="@style/SplashScreenTheme" >
104-->src\main\AndroidManifest.xml:42:9-49
105        <service
105-->src\main\AndroidManifest.xml:45:9-48:40
106            android:name="com.devlomi.fireapp.services.CompleteSetupService"
106-->src\main\AndroidManifest.xml:46:13-58
107            android:enabled="true"
107-->src\main\AndroidManifest.xml:47:13-35
108            android:exported="false" />
108-->src\main\AndroidManifest.xml:48:13-37
109        <service
109-->src\main\AndroidManifest.xml:49:9-52:40
110            android:name="com.devlomi.fireapp.services.BackupService"
110-->src\main\AndroidManifest.xml:50:13-51
111            android:enabled="true"
111-->src\main\AndroidManifest.xml:51:13-35
112            android:exported="false" />
112-->src\main\AndroidManifest.xml:52:13-37
113
114        <uses-library
114-->src\main\AndroidManifest.xml:54:9-56:40
115            android:name="org.apache.http.legacy"
115-->src\main\AndroidManifest.xml:55:13-50
116            android:required="false" />
116-->src\main\AndroidManifest.xml:56:13-37
117        <uses-library
117-->src\main\AndroidManifest.xml:58:9-60:39
118            android:name="com.google.android.maps"
118-->src\main\AndroidManifest.xml:59:13-51
119            android:required="false" />
119-->src\main\AndroidManifest.xml:60:13-37
120
121        <!-- ACTIVITIES -->
122        <activity
122-->src\main\AndroidManifest.xml:64:9-68:47
123            android:name="com.devlomi.fireapp.activities.setup.EnterUsernameActivity"
123-->src\main\AndroidManifest.xml:65:13-67
124            android:screenOrientation="portrait"
124-->src\main\AndroidManifest.xml:66:13-49
125            android:theme="@style/AppTheme"
125-->src\main\AndroidManifest.xml:68:13-44
126            android:windowSoftInputMode="adjustResize" />
126-->src\main\AndroidManifest.xml:67:13-55
127        <activity
127-->src\main\AndroidManifest.xml:70:9-72:52
128            android:name="com.devlomi.fireapp.activities.LoggedOutActivity"
128-->src\main\AndroidManifest.xml:71:13-57
129            android:screenOrientation="portrait" />
129-->src\main\AndroidManifest.xml:72:13-49
130        <activity
130-->src\main\AndroidManifest.xml:73:9-75:52
131            android:name="com.devlomi.fireapp.activities.SaveE2EActivity"
131-->src\main\AndroidManifest.xml:74:13-55
132            android:screenOrientation="portrait" />
132-->src\main\AndroidManifest.xml:75:13-49
133        <activity
133-->src\main\AndroidManifest.xml:76:9-80:54
134            android:name="com.devlomi.fireapp.activities.LockscreenActivity"
134-->src\main\AndroidManifest.xml:77:13-58
135            android:launchMode="singleTask"
135-->src\main\AndroidManifest.xml:78:13-44
136            android:screenOrientation="portrait"
136-->src\main\AndroidManifest.xml:79:13-49
137            android:theme="@style/FullscreenTheme" />
137-->src\main\AndroidManifest.xml:80:13-51
138        <activity
138-->src\main\AndroidManifest.xml:81:9-86:71
139            android:name="com.devlomi.fireapp.activities.authentication.AuthenticationActivity"
139-->src\main\AndroidManifest.xml:82:13-77
140            android:exported="true"
140-->src\main\AndroidManifest.xml:83:13-36
141            android:screenOrientation="portrait"
141-->src\main\AndroidManifest.xml:84:13-49
142            android:theme="@style/AppTheme.NoActionBar"
142-->src\main\AndroidManifest.xml:85:13-56
143            android:windowSoftInputMode="stateVisible|adjustResize" />
143-->src\main\AndroidManifest.xml:86:13-68
144        <activity
144-->src\main\AndroidManifest.xml:87:9-90:59
145            android:name="com.devlomi.fireapp.activities.UpdateActivity"
145-->src\main\AndroidManifest.xml:88:13-54
146            android:screenOrientation="portrait"
146-->src\main\AndroidManifest.xml:89:13-49
147            android:theme="@style/AppTheme.NoActionBar" />
147-->src\main\AndroidManifest.xml:90:13-56
148        <activity
148-->src\main\AndroidManifest.xml:91:9-95:71
149            android:name="com.devlomi.fireapp.activities.TextStatusActivity"
149-->src\main\AndroidManifest.xml:92:13-58
150            android:screenOrientation="portrait"
150-->src\main\AndroidManifest.xml:93:13-49
151            android:theme="@style/AppTheme.Translucent"
151-->src\main\AndroidManifest.xml:94:13-56
152            android:windowSoftInputMode="stateVisible|adjustResize" />
152-->src\main\AndroidManifest.xml:95:13-68
153        <activity
153-->src\main\AndroidManifest.xml:96:9-100:59
154            android:name="com.devlomi.fireapp.activities.main.MainActivity"
154-->src\main\AndroidManifest.xml:97:13-57
155            android:launchMode="singleTop"
155-->src\main\AndroidManifest.xml:98:13-43
156            android:screenOrientation="portrait"
156-->src\main\AndroidManifest.xml:99:13-49
157            android:theme="@style/AppTheme.NoActionBar" />
157-->src\main\AndroidManifest.xml:100:13-56
158        <activity
158-->src\main\AndroidManifest.xml:101:9-104:47
159            android:name="com.devlomi.fireapp.activities.ShareGroupLinkActivity"
159-->src\main\AndroidManifest.xml:102:13-62
160            android:screenOrientation="portrait"
160-->src\main\AndroidManifest.xml:103:13-49
161            android:theme="@style/AppTheme" />
161-->src\main\AndroidManifest.xml:104:13-44
162        <activity
162-->src\main\AndroidManifest.xml:105:9-113:20
163            android:name="com.devlomi.fireapp.activities.SplashActivity"
163-->src\main\AndroidManifest.xml:106:13-54
164            android:screenOrientation="portrait" >
164-->src\main\AndroidManifest.xml:107:13-49
165            <intent-filter>
165-->src\main\AndroidManifest.xml:108:13-112:29
166                <action android:name="android.intent.action.MAIN" />
166-->src\main\AndroidManifest.xml:109:17-69
166-->src\main\AndroidManifest.xml:109:25-66
167
168                <category android:name="android.intent.category.LAUNCHER" />
168-->src\main\AndroidManifest.xml:111:17-77
168-->src\main\AndroidManifest.xml:111:27-74
169            </intent-filter>
170        </activity>
171        <activity
171-->src\main\AndroidManifest.xml:114:9-117:59
172            android:name="com.devlomi.fireapp.activities.NewChatActivity"
172-->src\main\AndroidManifest.xml:115:13-55
173            android:screenOrientation="portrait"
173-->src\main\AndroidManifest.xml:116:13-49
174            android:theme="@style/AppTheme.NoActionBar" />
174-->src\main\AndroidManifest.xml:117:13-56
175        <activity
175-->src\main\AndroidManifest.xml:118:9-123:59
176            android:name="com.devlomi.fireapp.activities.main.messaging.ChatActivity"
176-->src\main\AndroidManifest.xml:119:13-67
177            android:label=""
177-->src\main\AndroidManifest.xml:120:13-29
178            android:parentActivityName="com.devlomi.fireapp.activities.main.MainActivity"
178-->src\main\AndroidManifest.xml:121:13-71
179            android:screenOrientation="portrait"
179-->src\main\AndroidManifest.xml:122:13-49
180            android:theme="@style/AppTheme.NoActionBar" />
180-->src\main\AndroidManifest.xml:123:13-56
181        <activity
181-->src\main\AndroidManifest.xml:124:9-128:54
182            android:name="com.devlomi.fireapp.activities.FullscreenActivity"
182-->src\main\AndroidManifest.xml:125:13-58
183            android:label=""
183-->src\main\AndroidManifest.xml:126:13-29
184            android:screenOrientation="portrait"
184-->src\main\AndroidManifest.xml:127:13-49
185            android:theme="@style/FullScreenTheme" />
185-->src\main\AndroidManifest.xml:128:13-51
186        <activity
186-->src\main\AndroidManifest.xml:129:9-131:47
187            android:name="com.canhub.cropper.CropImageActivity"
187-->src\main\AndroidManifest.xml:130:13-64
188            android:theme="@style/AppTheme" />
188-->src\main\AndroidManifest.xml:131:13-44
189        <activity
189-->src\main\AndroidManifest.xml:132:9-135:59
190            android:name="com.devlomi.fireapp.activities.AgreePrivacyPolicyActivity"
190-->src\main\AndroidManifest.xml:133:13-66
191            android:exported="true"
191-->src\main\AndroidManifest.xml:134:13-36
192            android:theme="@style/AppTheme.NoActionBar" />
192-->src\main\AndroidManifest.xml:135:13-56
193        <activity
193-->src\main\AndroidManifest.xml:136:9-139:59
194            android:name="com.devlomi.fireapp.activities.CameraActivity"
194-->src\main\AndroidManifest.xml:137:13-54
195            android:screenOrientation="portrait"
195-->src\main\AndroidManifest.xml:138:13-49
196            android:theme="@style/AppTheme.NoActionBar" />
196-->src\main\AndroidManifest.xml:139:13-56
197        <activity
197-->src\main\AndroidManifest.xml:140:9-142:50
198            android:name="com.devlomi.fireapp.activities.ProfilePhotoDialog"
198-->src\main\AndroidManifest.xml:141:13-58
199            android:theme="@style/DialogTheme" />
199-->src\main\AndroidManifest.xml:142:13-47
200        <activity
200-->src\main\AndroidManifest.xml:143:9-207:20
201            android:name="com.devlomi.fireapp.activities.ForwardActivity"
201-->src\main\AndroidManifest.xml:144:13-55
202            android:launchMode="singleTop"
202-->src\main\AndroidManifest.xml:145:13-43
203            android:screenOrientation="portrait"
203-->src\main\AndroidManifest.xml:146:13-49
204            android:theme="@style/AppTheme.NoActionBar" >
204-->src\main\AndroidManifest.xml:147:13-56
205
206            <!-- these intent filters to receive data from other apps including images,videos,audio,contacts -->
207
208
209            <!-- receive text -->
210            <intent-filter>
210-->src\main\AndroidManifest.xml:153:13-159:29
211                <action android:name="android.intent.action.SEND" />
211-->src\main\AndroidManifest.xml:154:17-69
211-->src\main\AndroidManifest.xml:154:25-66
212
213                <category android:name="android.intent.category.DEFAULT" />
213-->src\main\AndroidManifest.xml:156:17-76
213-->src\main\AndroidManifest.xml:156:27-73
214
215                <data android:mimeType="text/plain" />
215-->src\main\AndroidManifest.xml:158:17-55
215-->src\main\AndroidManifest.xml:158:23-52
216            </intent-filter>
217
218            <!-- receive one image -->
219            <intent-filter>
219-->src\main\AndroidManifest.xml:162:13-168:29
220                <action android:name="android.intent.action.SEND" />
220-->src\main\AndroidManifest.xml:154:17-69
220-->src\main\AndroidManifest.xml:154:25-66
221
222                <category android:name="android.intent.category.DEFAULT" />
222-->src\main\AndroidManifest.xml:156:17-76
222-->src\main\AndroidManifest.xml:156:27-73
223
224                <data android:mimeType="image/*" />
224-->src\main\AndroidManifest.xml:158:17-55
224-->src\main\AndroidManifest.xml:158:23-52
225            </intent-filter>
226
227            <!-- receive multiple images -->
228
229            <intent-filter>
229-->src\main\AndroidManifest.xml:172:13-178:29
230                <action android:name="android.intent.action.SEND_MULTIPLE" />
230-->src\main\AndroidManifest.xml:173:17-78
230-->src\main\AndroidManifest.xml:173:25-75
231
232                <category android:name="android.intent.category.DEFAULT" />
232-->src\main\AndroidManifest.xml:156:17-76
232-->src\main\AndroidManifest.xml:156:27-73
233
234                <data android:mimeType="image/*" />
234-->src\main\AndroidManifest.xml:158:17-55
234-->src\main\AndroidManifest.xml:158:23-52
235            </intent-filter>
236
237            <!-- receive one video only -->
238
239            <intent-filter>
239-->src\main\AndroidManifest.xml:182:13-188:29
240                <action android:name="android.intent.action.SEND" />
240-->src\main\AndroidManifest.xml:154:17-69
240-->src\main\AndroidManifest.xml:154:25-66
241
242                <category android:name="android.intent.category.DEFAULT" />
242-->src\main\AndroidManifest.xml:156:17-76
242-->src\main\AndroidManifest.xml:156:27-73
243
244                <data android:mimeType="video/*" />
244-->src\main\AndroidManifest.xml:158:17-55
244-->src\main\AndroidManifest.xml:158:23-52
245            </intent-filter>
246
247            <!-- receive one audio -->
248            <intent-filter>
248-->src\main\AndroidManifest.xml:191:13-197:29
249                <action android:name="android.intent.action.SEND" />
249-->src\main\AndroidManifest.xml:154:17-69
249-->src\main\AndroidManifest.xml:154:25-66
250
251                <category android:name="android.intent.category.DEFAULT" />
251-->src\main\AndroidManifest.xml:156:17-76
251-->src\main\AndroidManifest.xml:156:27-73
252
253                <data android:mimeType="audio/*" />
253-->src\main\AndroidManifest.xml:158:17-55
253-->src\main\AndroidManifest.xml:158:23-52
254            </intent-filter>
255
256            <!-- receive contacts -->
257            <intent-filter>
257-->src\main\AndroidManifest.xml:200:13-206:29
258                <action android:name="android.intent.action.SEND" />
258-->src\main\AndroidManifest.xml:154:17-69
258-->src\main\AndroidManifest.xml:154:25-66
259
260                <category android:name="android.intent.category.DEFAULT" />
260-->src\main\AndroidManifest.xml:156:17-76
260-->src\main\AndroidManifest.xml:156:27-73
261
262                <data android:mimeType="text/x-vcard" />
262-->src\main\AndroidManifest.xml:158:17-55
262-->src\main\AndroidManifest.xml:158:23-52
263            </intent-filter>
264        </activity>
265        <activity
265-->src\main\AndroidManifest.xml:208:9-211:59
266            android:name="com.devlomi.fireapp.activities.UserDetailsActivity"
266-->src\main\AndroidManifest.xml:209:13-59
267            android:screenOrientation="portrait"
267-->src\main\AndroidManifest.xml:210:13-49
268            android:theme="@style/AppTheme.NoActionBar" />
268-->src\main\AndroidManifest.xml:211:13-56
269        <activity
269-->src\main\AndroidManifest.xml:212:9-215:59
270            android:name="com.devlomi.fireapp.activities.MediaGalleryActivity"
270-->src\main\AndroidManifest.xml:213:13-60
271            android:screenOrientation="portrait"
271-->src\main\AndroidManifest.xml:214:13-49
272            android:theme="@style/AppTheme.NoActionBar" />
272-->src\main\AndroidManifest.xml:215:13-56
273        <activity
273-->src\main\AndroidManifest.xml:216:9-219:47
274            android:name="com.devlomi.fireapp.activities.SelectContactNumbersActivity"
274-->src\main\AndroidManifest.xml:217:13-68
275            android:screenOrientation="portrait"
275-->src\main\AndroidManifest.xml:218:13-49
276            android:theme="@style/AppTheme" />
276-->src\main\AndroidManifest.xml:219:13-44
277        <activity
277-->src\main\AndroidManifest.xml:220:9-223:47
278            android:name="com.devlomi.fireapp.activities.ContactDetailsActivity"
278-->src\main\AndroidManifest.xml:221:13-62
279            android:screenOrientation="portrait"
279-->src\main\AndroidManifest.xml:222:13-49
280            android:theme="@style/AppTheme" />
280-->src\main\AndroidManifest.xml:223:13-44
281        <activity
281-->src\main\AndroidManifest.xml:224:9-229:52
282            android:name="com.devlomi.fireapp.activities.settings.SettingsActivity"
282-->src\main\AndroidManifest.xml:225:13-65
283            android:exported="true"
283-->src\main\AndroidManifest.xml:226:13-36
284            android:label="@string/title_activity_settings"
284-->src\main\AndroidManifest.xml:227:13-60
285            android:screenOrientation="portrait"
285-->src\main\AndroidManifest.xml:228:13-49
286            android:theme="@style/SettingsTheme" />
286-->src\main\AndroidManifest.xml:229:13-49
287        <activity
287-->src\main\AndroidManifest.xml:230:9-233:54
288            android:name="com.devlomi.fireapp.activities.ProfilePhotoActivity"
288-->src\main\AndroidManifest.xml:231:13-60
289            android:screenOrientation="portrait"
289-->src\main\AndroidManifest.xml:232:13-49
290            android:theme="@style/FullScreenTheme" />
290-->src\main\AndroidManifest.xml:233:13-51
291        <activity
291-->src\main\AndroidManifest.xml:234:9-237:59
292            android:name="com.devlomi.fireapp.activities.setup.SetupUserActivity"
292-->src\main\AndroidManifest.xml:235:13-63
293            android:screenOrientation="portrait"
293-->src\main\AndroidManifest.xml:236:13-49
294            android:theme="@style/AppTheme.NoActionBar" />
294-->src\main\AndroidManifest.xml:237:13-56
295        <activity
295-->src\main\AndroidManifest.xml:238:9-240:59
296            android:name="com.devlomi.fireapp.activities.NewGroupActivity"
296-->src\main\AndroidManifest.xml:239:13-56
297            android:theme="@style/AppTheme.NoActionBar" />
297-->src\main\AndroidManifest.xml:240:13-56
298        <activity
298-->src\main\AndroidManifest.xml:241:9-245:59
299            android:name="com.devlomi.fireapp.activities.ViewStatusActivity"
299-->src\main\AndroidManifest.xml:242:13-58
300            android:screenOrientation="portrait"
300-->src\main\AndroidManifest.xml:243:13-49
301            android:theme="@style/FullscreenTheme"
301-->src\main\AndroidManifest.xml:244:13-51
302            android:windowSoftInputMode="adjustNothing" />